<?xml version="1.0" encoding="UTF-8"?>
<!-- Generated by org.testng.reporters.JUnitXMLReporter -->
<testsuite ignored="2" hostname="Brahmotris-MacBook-Pro.local" failures="0" tests="1" name="Default test" time="0.516" errors="0" timestamp="19 Feb 2025 22:23:26 GMT">
  <testcase classname="org.iitwforce.restassured.restassured.Test.JsonPlaceHolderTests" name="verifyJsonPlaceholder_allusers" time="0.509"/>
  <testcase classname="org.iitwforce.restassured.restassured.Test.JsonPlaceHolderTests" name="verifyJsonPlaceholder_SpecificUser" time="0.0">
    <ignored/>
  </testcase> <!-- verifyJsonPlaceholder_SpecificUser -->
  <testcase classname="org.iitwforce.restassured.restassured.Test.JsonPlaceHolderTests" name="verifyAllPosts" time="0.0">
    <ignored/>
  </testcase> <!-- verifyAllPosts -->
</testsuite> <!-- Default test -->
