<?xml version="1.0" encoding="UTF-8"?>
<testng-results ignored="2" total="3" passed="1" failed="0" skipped="0">
  <reporter-output>
  </reporter-output>
  <suite started-at="2025-02-19T22:23:26Z" name="Default suite" finished-at="2025-02-19T22:23:26Z" duration-ms="516">
    <groups>
    </groups>
    <test started-at="2025-02-19T22:23:26Z" name="Default test" finished-at="2025-02-19T22:23:26Z" duration-ms="516">
      <class name="org.iitwforce.restassured.restassured.Test.JsonPlaceHolderTests">
        <test-method is-config="true" signature="setUp()[pri:0, instance:org.iitwforce.restassured.restassured.Test.JsonPlaceHolderTests@5890e879]" started-at="2025-02-19T22:23:26Z" name="setUp" finished-at="2025-02-19T22:23:26Z" duration-ms="2" status="PASS">
          <reporter-output>
          </reporter-output>
        </test-method> <!-- setUp -->
        <test-method signature="verifyJsonPlaceholder_allusers()[pri:1, instance:org.iitwforce.restassured.restassured.Test.JsonPlaceHolderTests@5890e879]" started-at="2025-02-19T22:23:26Z" name="verifyJsonPlaceholder_allusers" description="Retrieve All the users" finished-at="2025-02-19T22:23:26Z" duration-ms="509" status="PASS">
          <reporter-output>
          </reporter-output>
        </test-method> <!-- verifyJsonPlaceholder_allusers -->
      </class> <!-- org.iitwforce.restassured.restassured.Test.JsonPlaceHolderTests -->
    </test> <!-- Default test -->
  </suite> <!-- Default suite -->
</testng-results>
