<?xml version="1.0" encoding="UTF-8"?>
<testng-results ignored="0" total="1" passed="1" failed="0" skipped="0">
  <reporter-output>
  </reporter-output>
  <suite started-at="2025-02-18T20:30:42Z" name="Default suite" finished-at="2025-02-18T20:30:42Z" duration-ms="734">
    <groups>
    </groups>
    <test started-at="2025-02-18T20:30:42Z" name="Default test" finished-at="2025-02-18T20:30:42Z" duration-ms="734">
      <class name="org.iitwforce.restassured.restassured.AddNewPetTest">
        <test-method is-config="true" signature="setUp()[pri:0, instance:org.iitwforce.restassured.restassured.AddNewPetTest@7e057f43]" started-at="2025-02-18T20:30:42Z" name="setUp" finished-at="2025-02-18T20:30:42Z" duration-ms="2" status="PASS">
          <reporter-output>
          </reporter-output>
        </test-method> <!-- setUp -->
        <test-method signature="validateAddNewPet()[pri:0, instance:org.iitwforce.restassured.restassured.AddNewPetTest@7e057f43]" started-at="2025-02-18T20:30:42Z" name="validateAddNewPet" description="Adding a new Pet" finished-at="2025-02-18T20:30:42Z" duration-ms="728" status="PASS">
          <reporter-output>
          </reporter-output>
        </test-method> <!-- validateAddNewPet -->
      </class> <!-- org.iitwforce.restassured.restassured.AddNewPetTest -->
    </test> <!-- Default test -->
  </suite> <!-- Default suite -->
</testng-results>
